[2017-12-21 22:03:49,553] - logger.py] - INFO: ---测试开始----
[2017-12-21 22:03:49,574] - logger.py] - INFO: 操作步骤1,2,3
[2017-12-21 22:03:49,581] - logger.py] - WARNING: ----测试结束----
[2017-12-21 22:10:40,283] - logger.py] - INFO: ------start-------
[2017-12-21 22:15:49,161] - logger.py] - INFO: ---测试开始----
[2017-12-21 22:15:49,167] - logger.py] - INFO: 操作步骤1,2,3
[2017-12-21 22:15:49,173] - logger.py] - WARNING: ----测试结束----
[2017-12-21 22:18:03,042] - adas - logger.py] - INFO: ---测试开始----
[2017-12-21 22:18:03,050] - adas - logger.py] - INFO: 操作步骤1,2,3
[2017-12-21 22:18:03,057] - adas - logger.py] - WARNING: ----测试结束----
[2017-12-21 22:24:17,007] - executorexecutor - logger.py] - INFO: ---测试开始----
[2017-12-21 22:24:17,015] - executorexecutor - logger.py] - INFO: 操作步骤1,2,3
[2017-12-21 22:24:17,021] - executorexecutor - logger.py] - WARNING: ----测试结束----
[2017-12-21 22:32:28,293] - web_ToSign - logger.py] - INFO: The program begins to execute. Don't stop me when you start.
[2017-12-21 22:35:41,944] - web_ToSign] - INFO: The program begins to execute. Don't stop me when you start.
[2017-12-21 22:35:48,846] - web_ToSign] - INFO: Make it complete and continue to press it next time...
[2017-12-21 23:12:22,700] - web_ToSign] - INFO: The program begins to execute. Don't stop me when you start.
[2017-12-21 23:12:47,946] - web_ToSign] - INFO: The program begins to execute. Don't stop me when you start.
[2017-12-21 23:13:02,594] - web_ToSign] - INFO: Make it complete and continue to press it next time...
[2017-12-21 23:15:27,820] - web_ToSign] - INFO: The program begins to execute. Don't stop me when you start.
[2017-12-21 23:16:00,496] - web_ToSign] - INFO: The program begins to execute. Don't stop me when you start.
[2017-12-21 23:16:14,203] - web_ToSign] - INFO: kaishidnegl
[2017-12-21 23:16:25,693] - web_ToSign] - INFO: Make it complete and continue to press it next time...
[2017-12-21 23:17:59,450] - web_ToSign] - INFO: The program begins to execute. Don't stop me when you start.
[2017-12-21 23:18:11,494] - web_ToSign] - INFO: kaishidnegl
[2017-12-21 23:18:44,942] - web_ToSign] - INFO: The program begins to execute. Don't stop me when you start.
[2017-12-21 23:18:53,726] - web_ToSign] - INFO: kaishidnegl
[2017-12-21 23:19:02,060] - web_ToSign] - INFO: The program begins to execute. Don't stop me when you start.
[2017-12-21 23:19:10,134] - web_ToSign] - INFO: kaishidnegl
[2017-12-21 23:21:48,315] - web_ToSign] - INFO: Make it complete and continue to press it next time...
[2017-12-21 23:22:42,921] - web_ToSign] - INFO: The program begins to execute. Don't stop me when you start.
[2017-12-21 23:22:53,313] - web_ToSign] - INFO: kaishidnegl
[2017-12-21 23:25:45,054] - web_ToSign] - INFO: Make it complete and continue to press it next time...
[2017-12-21 23:26:13,944] - web_ToSign] - INFO: The program begins to execute. Don't stop me when you start.
[2017-12-21 23:26:23,802] - web_ToSign] - INFO: kaishidnegl
[2017-12-21 23:26:51,450] - web_ToSign] - INFO: Make it complete and continue to press it next time...
[2017-12-21 23:26:56,215] - web_ToSign] - INFO: The program begins to execute. Don't stop me when you start.
[2017-12-21 23:27:05,144] - web_ToSign] - INFO: kaishidnegl
[2017-12-21 23:27:22,070] - web_ToSign] - INFO: Make it complete and continue to press it next time...
[2017-12-21 23:29:17,984] - web_ToSign] - INFO: The program begins to execute. Don't stop me when you start.
[2017-12-21 23:29:28,089] - web_ToSign] - INFO: kaishidnegl
[2017-12-21 23:29:47,107] - web_ToSign] - INFO: Make it complete and continue to press it next time...
[2017-12-21 23:31:48,022] - web_ToSign] - INFO: The program begins to execute. Don't stop me when you start.
[2017-12-21 23:32:00,007] - web_ToSign] - INFO: kaishidnegl
[2017-12-21 23:32:12,268] - web_ToSign] - INFO: Make it complete and continue to press it next time...
[2017-12-21 23:33:26,672] - web_ToSign] - INFO: The program begins to execute. Don't stop me when you start.
[2017-12-21 23:33:35,155] - web_ToSign] - INFO: kaishidnegl
[2017-12-21 23:33:49,142] - web_ToSign] - INFO: Make it complete and continue to press it next time...
[2017-12-21 23:34:13,191] - web_ToSign] - INFO: The program begins to execute. Don't stop me when you start.
[2017-12-21 23:34:24,400] - web_ToSign] - INFO: kaishidnegl
[2017-12-21 23:35:46,406] - web_ToSign] - INFO: Make it complete and continue to press it next time...
[2017-12-21 23:35:53,004] - web_ToSign] - INFO: The program begins to execute. Don't stop me when you start.
[2017-12-21 23:36:02,497] - web_ToSign] - INFO: kaishidnegl
[2017-12-21 23:36:14,534] - web_ToSign] - INFO: Make it complete and continue to press it next time...
[2017-12-21 23:37:47,389] - web_ToSign] - INFO: The program begins to execute. Don't stop me when you start.
[2017-12-21 23:37:57,248] - web_ToSign] - INFO: kaishidnegl
[2017-12-21 23:38:07,272] - web_ToSign] - INFO: Make it complete and continue to press it next time...
[2017-12-21 23:39:32,310] - web_ToSign] - INFO: The program begins to execute. Don't stop me when you start.
[2017-12-21 23:40:00,502] - web_ToSign] - INFO: kaishidnegl
[2017-12-21 23:40:10,616] - web_ToSign] - INFO: 请输入正确的手机号码
[2017-12-21 23:40:11,049] - web_ToSign] - INFO: 执行wnag
[2017-12-21 23:40:11,076] - web_ToSign] - INFO: Make it complete and continue to press it next time...
