[2018-01-10 21:05:17,666] - Web_PersonalData] - INFO: The program begins to execute. Don't stop me when you start.
[2018-01-10 21:05:39,628] - Web_PersonalData] - INFO: The program begins to execute. Don't stop me when you start.
[2018-01-10 21:08:05,153] - Web_PersonalData] - INFO: The program begins to execute. Don't stop me when you start.
[2018-01-10 21:08:18,209] - Web_PersonalData] - INFO: The program begins to execute. Don't stop me when you start.
[2018-01-10 21:12:52,027] - Web_PersonalData] - INFO: The program begins to execute. Don't stop me when you start.
[2018-01-10 21:13:15,382] - Web_PersonalData] - INFO: open driver time
[2018-01-10 21:13:22,753] - Web_PersonalData] - INFO: Make it complete and continue to press it next time...
[2018-01-10 21:13:23,698] - Web_PersonalData] - INFO: The program begins to execute. Don't stop me when you start.
[2018-01-10 21:13:44,277] - Web_PersonalData] - INFO: open driver time
[2018-01-10 21:13:56,195] - Web_PersonalData] - INFO: Make it complete and continue to press it next time...
[2018-01-10 21:40:01,829] - Web_PersonalData] - INFO: The program begins to execute. Don't stop me when you start.
[2018-01-10 21:40:32,139] - Web_PersonalData] - INFO: open driver time
[2018-01-10 21:40:39,444] - Web_PersonalData] - INFO: Make it complete and continue to press it next time...
[2018-01-10 21:40:39,876] - Web_PersonalData] - INFO: The program begins to execute. Don't stop me when you start.
[2018-01-10 21:41:00,332] - Web_PersonalData] - INFO: open driver time
[2018-01-10 21:41:08,612] - Web_PersonalData] - INFO: Make it complete and continue to press it next time...
[2018-01-10 21:46:08,907] - Web_PersonalData] - INFO: The program begins to execute. Don't stop me when you start.
[2018-01-10 21:46:29,748] - Web_PersonalData] - INFO: open driver time
[2018-01-10 21:46:30,316] - Web_PersonalData] - INFO: test_personal_nickname_one Function starts to execute 
[2018-01-10 21:46:38,514] - Web_PersonalData] - INFO: Make it complete and continue to press it next time...
[2018-01-10 21:46:41,532] - Web_PersonalData] - INFO: The program begins to execute. Don't stop me when you start.
[2018-01-10 21:47:01,688] - Web_PersonalData] - INFO: open driver time
[2018-01-10 21:47:01,735] - Web_PersonalData] - INFO: test_personal_nickname_two Function starts to execute 
[2018-01-10 21:47:10,042] - Web_PersonalData] - INFO: test_personal_nickname_two Complete function execution 
[2018-01-10 21:47:10,055] - Web_PersonalData] - INFO: Make it complete and continue to press it next time...
[2018-01-10 22:09:55,354] - Web_PersonalData] - INFO: The program begins to execute. Don't stop me when you start.
[2018-01-10 22:10:15,873] - Web_PersonalData] - INFO: open driver time
[2018-01-10 22:10:15,901] - Web_PersonalData] - INFO: qweqweqw 18a7f657-4db1-4c94-a120-6c42e149f7b9 
[2018-01-10 22:10:16,226] - Web_PersonalData] - INFO: test_personal_nickname_one Function starts to execute 
[2018-01-10 22:10:23,323] - Web_PersonalData] - INFO: test_personal_nickname_one Complete function execution 
[2018-01-10 22:10:23,335] - Web_PersonalData] - INFO: Make it complete and continue to press it next time...
[2018-01-10 22:10:23,548] - Web_PersonalData] - INFO: The program begins to execute. Don't stop me when you start.
[2018-01-10 22:10:42,330] - Web_PersonalData] - INFO: open driver time
[2018-01-10 22:10:42,344] - Web_PersonalData] - INFO: qweqweqw adf8a86d-b910-4e30-a830-4039968f4100 
[2018-01-10 22:10:42,362] - Web_PersonalData] - INFO: test_personal_nickname_two Function starts to execute 
[2018-01-10 22:10:50,572] - Web_PersonalData] - INFO: test_personal_nickname_two Complete function execution 
[2018-01-10 22:10:50,585] - Web_PersonalData] - INFO: Make it complete and continue to press it next time...
[2018-01-10 22:26:27,682] - Web_PersonalData] - INFO: The program begins to execute. Don't stop me when you start.
[2018-01-10 22:26:55,480] - Web_PersonalData] - INFO: open driver time
[2018-01-10 22:26:55,704] - Web_PersonalData] - INFO: test_personal_nickname_there Function starts to execute 
[2018-01-10 22:27:03,924] - Web_PersonalData] - INFO: Make it complete and continue to press it next time...
[2018-01-10 22:30:44,882] - Web_PersonalData] - INFO: The program begins to execute. Don't stop me when you start.
[2018-01-10 22:31:08,910] - Web_PersonalData] - INFO: open driver time
[2018-01-10 22:31:09,094] - Web_PersonalData] - INFO: test_personal_nickname_there Function starts to execute 
[2018-01-10 22:31:17,372] - Web_PersonalData] - INFO: Make it complete and continue to press it next time...
[2018-01-10 22:36:31,600] - Web_PersonalData] - INFO: The program begins to execute. Don't stop me when you start.
[2018-01-10 22:36:53,467] - Web_PersonalData] - INFO: open driver time
[2018-01-10 22:36:53,607] - Web_PersonalData] - INFO: test_personal_nickname_there Function starts to execute 
[2018-01-10 22:37:05,103] - Web_PersonalData] - INFO: test_personal_nickname_there Complete function execution 
[2018-01-10 22:37:05,158] - Web_PersonalData] - INFO: Make it complete and continue to press it next time...
[2018-01-10 22:37:19,500] - Web_PersonalData] - INFO: The program begins to execute. Don't stop me when you start.
[2018-01-10 22:37:41,823] - Web_PersonalData] - INFO: open driver time
[2018-01-10 22:37:42,334] - Web_PersonalData] - INFO: test_personal_nickname_there Function starts to execute 
[2018-01-10 22:37:53,479] - Web_PersonalData] - INFO: test_personal_nickname_there Complete function execution 
[2018-01-10 22:37:53,534] - Web_PersonalData] - INFO: Make it complete and continue to press it next time...
[2018-01-10 22:51:09,799] - Web_PersonalData] - INFO: The program begins to execute. Don't stop me when you start.
[2018-01-10 22:51:32,550] - Web_PersonalData] - INFO: open driver time
[2018-01-10 22:51:32,793] - Web_PersonalData] - INFO: test_personal_nickname_four Function starts to execute 
[2018-01-10 22:51:45,360] - Web_PersonalData] - INFO: test_personal_nickname_four Complete function execution 
[2018-01-10 22:51:45,405] - Web_PersonalData] - INFO: Make it complete and continue to press it next time...
[2018-01-10 22:53:24,255] - Web_PersonalData] - INFO: The program begins to execute. Don't stop me when you start.
[2018-01-10 22:53:51,363] - Web_PersonalData] - INFO: open driver time
[2018-01-10 22:53:51,525] - Web_PersonalData] - INFO: test_personal_nickname_four Function starts to execute 
[2018-01-10 22:54:04,514] - Web_PersonalData] - INFO: test_personal_nickname_four Complete function execution 
[2018-01-10 22:54:04,561] - Web_PersonalData] - INFO: Make it complete and continue to press it next time...
[2018-01-10 22:54:21,968] - Web_PersonalData] - INFO: The program begins to execute. Don't stop me when you start.
[2018-01-10 22:54:48,023] - Web_PersonalData] - INFO: open driver time
[2018-01-10 22:54:48,174] - Web_PersonalData] - INFO: test_personal_nickname_four Function starts to execute 
[2018-01-10 22:55:01,174] - Web_PersonalData] - INFO: test_personal_nickname_four Complete function execution 
[2018-01-10 22:55:01,219] - Web_PersonalData] - INFO: Make it complete and continue to press it next time...
[2018-01-10 22:57:53,699] - Web_PersonalData] - INFO: The program begins to execute. Don't stop me when you start.
[2018-01-10 22:58:13,485] - Web_PersonalData] - INFO: open driver time
[2018-01-10 22:58:13,674] - Web_PersonalData] - INFO: test_personal_nickname_five Function starts to execute 
[2018-01-10 22:58:26,958] - Web_PersonalData] - INFO: test_personal_nickname_five Complete function execution 
[2018-01-10 22:58:26,998] - Web_PersonalData] - INFO: Make it complete and continue to press it next time...
[2018-01-10 23:06:32,590] - Web_PersonalData] - INFO: The program begins to execute. Don't stop me when you start.
[2018-01-10 23:06:53,532] - Web_PersonalData] - INFO: open driver time
[2018-01-10 23:06:53,874] - Web_PersonalData] - INFO: test_personal_nickname_five Function starts to execute 
[2018-01-10 23:07:04,525] - Web_PersonalData] - INFO: Make it complete and continue to press it next time...
[2018-01-10 23:10:36,551] - Web_PersonalData] - INFO: The program begins to execute. Don't stop me when you start.
[2018-01-10 23:10:57,489] - Web_PersonalData] - INFO: open driver time
[2018-01-10 23:10:57,747] - Web_PersonalData] - INFO: test_personal_nickname_seven Function starts to execute 
[2018-01-10 23:11:06,035] - Web_PersonalData] - INFO: Make it complete and continue to press it next time...
