[2018-01-17 00:00:54,533] - web_SignToUse] - INFO: The program begins to execute. Don't stop me when you start.
[2018-01-17 00:01:05,007] - web_SignToUse] - INFO: detailsGoods _verifying_reading 开始执行
[2018-01-17 00:01:05,019] - web_SignToUse] - INFO: The functions carried by the use case have not been found...detailsGoods
[2018-01-17 00:01:05,219] - web_SignToUse] - INFO: Make it complete and continue to press it next time...
[2018-01-17 00:06:54,036] - web_SignToUse] - INFO: The program begins to execute. Don't stop me when you start.
[2018-01-17 00:10:45,452] - web_SignToUse] - INFO: The program begins to execute. Don't stop me when you start.
[2018-01-17 00:11:00,966] - web_SignToUse] - INFO: Make it complete and continue to press it next time...
[2018-01-17 00:12:05,441] - web_SignToUse] - INFO: The program begins to execute. Don't stop me when you start.
[2018-01-17 00:12:14,688] - web_SignToUse] - INFO: detailsGoods _verify_login 开始执行
[2018-01-17 00:12:14,764] - web_SignToUse] - INFO: Make it complete and continue to press it next time...
[2018-01-17 00:14:44,217] - web_SignToUse] - INFO: The program begins to execute. Don't stop me when you start.
[2018-01-17 00:14:52,277] - web_SignToUse] - INFO: homepage _verify_login 开始执行
[2018-01-17 00:15:18,849] - web_SignToUse] - INFO: Make it complete and continue to press it next time...
[2018-01-17 00:33:01,233] - web_SignToUse] - INFO: The program begins to execute. Don't stop me when you start.
[2018-01-17 00:33:11,064] - web_SignToUse] - INFO: homepage _verify_login 开始执行
[2018-01-17 00:33:24,776] - web_SignToUse] - INFO: Make it complete and continue to press it next time...
[2018-01-17 00:36:22,575] - web_SignToUse] - INFO: The program begins to execute. Don't stop me when you start.
[2018-01-17 00:36:33,158] - web_SignToUse] - INFO: homepage _verify_login 开始执行
[2018-01-17 00:36:47,997] - web_SignToUse] - INFO: The program begins to execute. Don't stop me when you start.
[2018-01-17 00:36:56,222] - web_SignToUse] - INFO: homepage _verify_login 开始执行
[2018-01-17 00:37:10,089] - web_SignToUse] - INFO: Make it complete and continue to press it next time...
[2018-01-17 00:38:49,886] - web_SignToUse] - INFO: The program begins to execute. Don't stop me when you start.
[2018-01-17 00:38:57,979] - web_SignToUse] - INFO: homepage _verify_login 开始执行
[2018-01-17 00:39:11,878] - web_SignToUse] - INFO: Make it complete and continue to press it next time...
[2018-01-17 00:40:13,470] - web_SignToUse] - INFO: The program begins to execute. Don't stop me when you start.
[2018-01-17 00:40:21,346] - web_SignToUse] - INFO: homepage _verify_login 开始执行
