[2018-01-16 22:51:29,506] - web_SignToUse] - INFO: The program begins to execute. Don't stop me when you start.
[2018-01-16 22:51:44,452] - web_SignToUse] - INFO: homepage 开始执行
[2018-01-16 22:51:44,487] - web_SignToUse] - INFO: The functions carried by the use case have not been found...homepage
[2018-01-16 22:51:45,675] - web_SignToUse] - INFO: Make it complete and continue to press it next time...
[2018-01-16 22:56:57,472] - web_SignToUse] - INFO: The program begins to execute. Don't stop me when you start.
[2018-01-16 22:57:16,836] - web_SignToUse] - INFO: homepage 开始执行
[2018-01-16 22:57:16,848] - web_SignToUse] - INFO: The functions carried by the use case have not been found...homepage
[2018-01-16 22:57:18,543] - web_SignToUse] - INFO: Make it complete and continue to press it next time...
[2018-01-16 23:01:42,639] - web_SignToUse] - INFO: The program begins to execute. Don't stop me when you start.
[2018-01-16 23:01:56,853] - web_SignToUse] - INFO: detailsGoods 开始执行
[2018-01-16 23:01:56,919] - web_SignToUse] - INFO: The functions carried by the use case have not been found...detailsGoods
[2018-01-16 23:01:58,156] - web_SignToUse] - INFO: Make it complete and continue to press it next time...
[2018-01-16 23:18:48,318] - web_SignToUse] - INFO: The program begins to execute. Don't stop me when you start.
[2018-01-16 23:19:32,315] - web_SignToUse] - INFO: detailsGoods 开始执行
[2018-01-16 23:19:32,379] - web_SignToUse] - INFO: The functions carried by the use case have not been found...detailsGoods
[2018-01-16 23:19:36,149] - web_SignToUse] - INFO: Make it complete and continue to press it next time...
[2018-01-16 23:20:42,969] - web_SignToUse] - INFO: The program begins to execute. Don't stop me when you start.
[2018-01-16 23:20:54,356] - web_SignToUse] - INFO: detailsGoods 开始执行
[2018-01-16 23:20:54,371] - web_SignToUse] - INFO: The functions carried by the use case have not been found...detailsGoods
[2018-01-16 23:20:54,770] - web_SignToUse] - INFO: Make it complete and continue to press it next time...
[2018-01-16 23:22:08,334] - web_SignToUse] - INFO: The program begins to execute. Don't stop me when you start.
[2018-01-16 23:22:17,979] - web_SignToUse] - INFO: detailsGoods 开始执行
[2018-01-16 23:22:17,993] - web_SignToUse] - INFO: The functions carried by the use case have not been found...detailsGoods
[2018-01-16 23:22:18,090] - web_SignToUse] - INFO: Make it complete and continue to press it next time...
[2018-01-16 23:54:44,658] - web_SignToUse] - INFO: The program begins to execute. Don't stop me when you start.
[2018-01-16 23:54:57,094] - web_SignToUse] - INFO: detailsGoods 开始执行
[2018-01-16 23:54:57,160] - web_SignToUse] - INFO: The functions carried by the use case have not been found...detailsGoods
[2018-01-16 23:54:57,370] - web_SignToUse] - INFO: Make it complete and continue to press it next time...
[2018-01-16 23:59:47,556] - web_SignToUse] - INFO: The program begins to execute. Don't stop me when you start.
[2018-01-16 23:59:58,402] - web_SignToUse] - INFO: detailsGoods _verifying_reading 开始执行
[2018-01-16 23:59:58,451] - web_SignToUse] - INFO: The functions carried by the use case have not been found...detailsGoods
[2018-01-16 23:59:58,989] - web_SignToUse] - INFO: Make it complete and continue to press it next time...
